[2022-02-10 13:32:26] local.ERROR: SQLSTATE[42S01]: Base table or view already exists: 1050 Table 'pages' already exists (SQL: create table `pages` (`id` bigint unsigned not null auto_increment primary key, `user_id` bigint unsigned not null, `pages_name` varchar(255) not null, `pages_content` varchar(255) not null, `pages_thumbnail_url` varchar(255) null, `created_at` timestamp null, `updated_at` timestamp null) default character set utf8mb4 collate 'utf8mb4_unicode_ci') {"exception":"[object] (Illuminate\\Database\\QueryException(code: 42S01): SQLSTATE[42S01]: Base table or view already exists: 1050 Table 'pages' already exists (SQL: create table `pages` (`id` bigint unsigned not null auto_increment primary key, `user_id` bigint unsigned not null, `pages_name` varchar(255) not null, `pages_content` varchar(255) not null, `pages_thumbnail_url` varchar(255) null, `created_at` timestamp null, `updated_at` timestamp null) default character set utf8mb4 collate 'utf8mb4_unicode_ci') at E:\\bahan tugas\\semester 5\\Interoperability\\Bukalapak\\vendor\\illuminate\\database\\Connection.php:712)
[stacktrace]
#0 E:\\bahan tugas\\semester 5\\Interoperability\\Bukalapak\\vendor\\illuminate\\database\\Connection.php(672): Illuminate\\Database\\Connection->runQueryCallback('create table `p...', Array, Object(Closure))
#1 E:\\bahan tugas\\semester 5\\Interoperability\\Bukalapak\\vendor\\illuminate\\database\\Connection.php(502): Illuminate\\Database\\Connection->run('create table `p...', Array, Object(Closure))
#2 E:\\bahan tugas\\semester 5\\Interoperability\\Bukalapak\\vendor\\illuminate\\database\\Schema\\Blueprint.php(109): Illuminate\\Database\\Connection->statement('create table `p...')
#3 E:\\bahan tugas\\semester 5\\Interoperability\\Bukalapak\\vendor\\illuminate\\database\\Schema\\Builder.php(364): Illuminate\\Database\\Schema\\Blueprint->build(Object(Illuminate\\Database\\MySqlConnection), Object(Illuminate\\Database\\Schema\\Grammars\\MySqlGrammar))
#4 E:\\bahan tugas\\semester 5\\Interoperability\\Bukalapak\\vendor\\illuminate\\database\\Schema\\Builder.php(227): Illuminate\\Database\\Schema\\Builder->build(Object(Illuminate\\Database\\Schema\\Blueprint))
#5 E:\\bahan tugas\\semester 5\\Interoperability\\Bukalapak\\vendor\\illuminate\\support\\Facades\\Facade.php(261): Illuminate\\Database\\Schema\\Builder->create('pages', Object(Closure))
#6 E:\\bahan tugas\\semester 5\\Interoperability\\Bukalapak\\database\\migrations\\2022_02_05_062309_create_pages_table.php(23): Illuminate\\Support\\Facades\\Facade::__callStatic('create', Array)
#7 E:\\bahan tugas\\semester 5\\Interoperability\\Bukalapak\\vendor\\illuminate\\database\\Migrations\\Migrator.php(394): CreatePagesTable->up()
#8 E:\\bahan tugas\\semester 5\\Interoperability\\Bukalapak\\vendor\\illuminate\\database\\Migrations\\Migrator.php(403): Illuminate\\Database\\Migrations\\Migrator->Illuminate\\Database\\Migrations\\{closure}()
#9 E:\\bahan tugas\\semester 5\\Interoperability\\Bukalapak\\vendor\\illuminate\\database\\Migrations\\Migrator.php(202): Illuminate\\Database\\Migrations\\Migrator->runMigration(Object(CreatePagesTable), 'up')
#10 E:\\bahan tugas\\semester 5\\Interoperability\\Bukalapak\\vendor\\illuminate\\database\\Migrations\\Migrator.php(167): Illuminate\\Database\\Migrations\\Migrator->runUp('E:\\\\bahan tugas\\\\...', 1, false)
#11 E:\\bahan tugas\\semester 5\\Interoperability\\Bukalapak\\vendor\\illuminate\\database\\Migrations\\Migrator.php(112): Illuminate\\Database\\Migrations\\Migrator->runPending(Array, Array)
#12 E:\\bahan tugas\\semester 5\\Interoperability\\Bukalapak\\vendor\\illuminate\\database\\Console\\Migrations\\MigrateCommand.php(85): Illuminate\\Database\\Migrations\\Migrator->run(Array, Array)
#13 E:\\bahan tugas\\semester 5\\Interoperability\\Bukalapak\\vendor\\illuminate\\database\\Migrations\\Migrator.php(585): Illuminate\\Database\\Console\\Migrations\\MigrateCommand->Illuminate\\Database\\Console\\Migrations\\{closure}()
#14 E:\\bahan tugas\\semester 5\\Interoperability\\Bukalapak\\vendor\\illuminate\\database\\Console\\Migrations\\MigrateCommand.php(94): Illuminate\\Database\\Migrations\\Migrator->usingConnection(NULL, Object(Closure))
#15 E:\\bahan tugas\\semester 5\\Interoperability\\Bukalapak\\vendor\\illuminate\\container\\BoundMethod.php(36): Illuminate\\Database\\Console\\Migrations\\MigrateCommand->handle()
#16 E:\\bahan tugas\\semester 5\\Interoperability\\Bukalapak\\vendor\\illuminate\\container\\Util.php(40): Illuminate\\Container\\BoundMethod::Illuminate\\Container\\{closure}()
#17 E:\\bahan tugas\\semester 5\\Interoperability\\Bukalapak\\vendor\\illuminate\\container\\BoundMethod.php(93): Illuminate\\Container\\Util::unwrapIfClosure(Object(Closure))
#18 E:\\bahan tugas\\semester 5\\Interoperability\\Bukalapak\\vendor\\illuminate\\container\\BoundMethod.php(37): Illuminate\\Container\\BoundMethod::callBoundMethod(Object(Laravel\\Lumen\\Application), Array, Object(Closure))
#19 E:\\bahan tugas\\semester 5\\Interoperability\\Bukalapak\\vendor\\illuminate\\container\\Container.php(653): Illuminate\\Container\\BoundMethod::call(Object(Laravel\\Lumen\\Application), Array, Array, NULL)
#20 E:\\bahan tugas\\semester 5\\Interoperability\\Bukalapak\\vendor\\illuminate\\console\\Command.php(136): Illuminate\\Container\\Container->call(Array)
#21 E:\\bahan tugas\\semester 5\\Interoperability\\Bukalapak\\vendor\\symfony\\console\\Command\\Command.php(298): Illuminate\\Console\\Command->execute(Object(Symfony\\Component\\Console\\Input\\ArgvInput), Object(Illuminate\\Console\\OutputStyle))
#22 E:\\bahan tugas\\semester 5\\Interoperability\\Bukalapak\\vendor\\illuminate\\console\\Command.php(121): Symfony\\Component\\Console\\Command\\Command->run(Object(Symfony\\Component\\Console\\Input\\ArgvInput), Object(Illuminate\\Console\\OutputStyle))
#23 E:\\bahan tugas\\semester 5\\Interoperability\\Bukalapak\\vendor\\symfony\\console\\Application.php(1015): Illuminate\\Console\\Command->run(Object(Symfony\\Component\\Console\\Input\\ArgvInput), Object(Symfony\\Component\\Console\\Output\\ConsoleOutput))
#24 E:\\bahan tugas\\semester 5\\Interoperability\\Bukalapak\\vendor\\symfony\\console\\Application.php(299): Symfony\\Component\\Console\\Application->doRunCommand(Object(Illuminate\\Database\\Console\\Migrations\\MigrateCommand), Object(Symfony\\Component\\Console\\Input\\ArgvInput), Object(Symfony\\Component\\Console\\Output\\ConsoleOutput))
#25 E:\\bahan tugas\\semester 5\\Interoperability\\Bukalapak\\vendor\\symfony\\console\\Application.php(171): Symfony\\Component\\Console\\Application->doRun(Object(Symfony\\Component\\Console\\Input\\ArgvInput), Object(Symfony\\Component\\Console\\Output\\ConsoleOutput))
#26 E:\\bahan tugas\\semester 5\\Interoperability\\Bukalapak\\vendor\\illuminate\\console\\Application.php(94): Symfony\\Component\\Console\\Application->run(Object(Symfony\\Component\\Console\\Input\\ArgvInput), Object(Symfony\\Component\\Console\\Output\\ConsoleOutput))
#27 E:\\bahan tugas\\semester 5\\Interoperability\\Bukalapak\\vendor\\laravel\\lumen-framework\\src\\Console\\Kernel.php(116): Illuminate\\Console\\Application->run(Object(Symfony\\Component\\Console\\Input\\ArgvInput), Object(Symfony\\Component\\Console\\Output\\ConsoleOutput))
#28 E:\\bahan tugas\\semester 5\\Interoperability\\Bukalapak\\artisan(35): Laravel\\Lumen\\Console\\Kernel->handle(Object(Symfony\\Component\\Console\\Input\\ArgvInput), Object(Symfony\\Component\\Console\\Output\\ConsoleOutput))
#29 {main}

[previous exception] [object] (PDOException(code: 42S01): SQLSTATE[42S01]: Base table or view already exists: 1050 Table 'pages' already exists at E:\\bahan tugas\\semester 5\\Interoperability\\Bukalapak\\vendor\\illuminate\\database\\Connection.php:501)
[stacktrace]
#0 E:\\bahan tugas\\semester 5\\Interoperability\\Bukalapak\\vendor\\illuminate\\database\\Connection.php(501): PDOStatement->execute()
#1 E:\\bahan tugas\\semester 5\\Interoperability\\Bukalapak\\vendor\\illuminate\\database\\Connection.php(705): Illuminate\\Database\\Connection->Illuminate\\Database\\{closure}('create table `p...', Array)
#2 E:\\bahan tugas\\semester 5\\Interoperability\\Bukalapak\\vendor\\illuminate\\database\\Connection.php(672): Illuminate\\Database\\Connection->runQueryCallback('create table `p...', Array, Object(Closure))
#3 E:\\bahan tugas\\semester 5\\Interoperability\\Bukalapak\\vendor\\illuminate\\database\\Connection.php(502): Illuminate\\Database\\Connection->run('create table `p...', Array, Object(Closure))
#4 E:\\bahan tugas\\semester 5\\Interoperability\\Bukalapak\\vendor\\illuminate\\database\\Schema\\Blueprint.php(109): Illuminate\\Database\\Connection->statement('create table `p...')
#5 E:\\bahan tugas\\semester 5\\Interoperability\\Bukalapak\\vendor\\illuminate\\database\\Schema\\Builder.php(364): Illuminate\\Database\\Schema\\Blueprint->build(Object(Illuminate\\Database\\MySqlConnection), Object(Illuminate\\Database\\Schema\\Grammars\\MySqlGrammar))
#6 E:\\bahan tugas\\semester 5\\Interoperability\\Bukalapak\\vendor\\illuminate\\database\\Schema\\Builder.php(227): Illuminate\\Database\\Schema\\Builder->build(Object(Illuminate\\Database\\Schema\\Blueprint))
#7 E:\\bahan tugas\\semester 5\\Interoperability\\Bukalapak\\vendor\\illuminate\\support\\Facades\\Facade.php(261): Illuminate\\Database\\Schema\\Builder->create('pages', Object(Closure))
#8 E:\\bahan tugas\\semester 5\\Interoperability\\Bukalapak\\database\\migrations\\2022_02_05_062309_create_pages_table.php(23): Illuminate\\Support\\Facades\\Facade::__callStatic('create', Array)
#9 E:\\bahan tugas\\semester 5\\Interoperability\\Bukalapak\\vendor\\illuminate\\database\\Migrations\\Migrator.php(394): CreatePagesTable->up()
#10 E:\\bahan tugas\\semester 5\\Interoperability\\Bukalapak\\vendor\\illuminate\\database\\Migrations\\Migrator.php(403): Illuminate\\Database\\Migrations\\Migrator->Illuminate\\Database\\Migrations\\{closure}()
#11 E:\\bahan tugas\\semester 5\\Interoperability\\Bukalapak\\vendor\\illuminate\\database\\Migrations\\Migrator.php(202): Illuminate\\Database\\Migrations\\Migrator->runMigration(Object(CreatePagesTable), 'up')
#12 E:\\bahan tugas\\semester 5\\Interoperability\\Bukalapak\\vendor\\illuminate\\database\\Migrations\\Migrator.php(167): Illuminate\\Database\\Migrations\\Migrator->runUp('E:\\\\bahan tugas\\\\...', 1, false)
#13 E:\\bahan tugas\\semester 5\\Interoperability\\Bukalapak\\vendor\\illuminate\\database\\Migrations\\Migrator.php(112): Illuminate\\Database\\Migrations\\Migrator->runPending(Array, Array)
#14 E:\\bahan tugas\\semester 5\\Interoperability\\Bukalapak\\vendor\\illuminate\\database\\Console\\Migrations\\MigrateCommand.php(85): Illuminate\\Database\\Migrations\\Migrator->run(Array, Array)
#15 E:\\bahan tugas\\semester 5\\Interoperability\\Bukalapak\\vendor\\illuminate\\database\\Migrations\\Migrator.php(585): Illuminate\\Database\\Console\\Migrations\\MigrateCommand->Illuminate\\Database\\Console\\Migrations\\{closure}()
#16 E:\\bahan tugas\\semester 5\\Interoperability\\Bukalapak\\vendor\\illuminate\\database\\Console\\Migrations\\MigrateCommand.php(94): Illuminate\\Database\\Migrations\\Migrator->usingConnection(NULL, Object(Closure))
#17 E:\\bahan tugas\\semester 5\\Interoperability\\Bukalapak\\vendor\\illuminate\\container\\BoundMethod.php(36): Illuminate\\Database\\Console\\Migrations\\MigrateCommand->handle()
#18 E:\\bahan tugas\\semester 5\\Interoperability\\Bukalapak\\vendor\\illuminate\\container\\Util.php(40): Illuminate\\Container\\BoundMethod::Illuminate\\Container\\{closure}()
#19 E:\\bahan tugas\\semester 5\\Interoperability\\Bukalapak\\vendor\\illuminate\\container\\BoundMethod.php(93): Illuminate\\Container\\Util::unwrapIfClosure(Object(Closure))
#20 E:\\bahan tugas\\semester 5\\Interoperability\\Bukalapak\\vendor\\illuminate\\container\\BoundMethod.php(37): Illuminate\\Container\\BoundMethod::callBoundMethod(Object(Laravel\\Lumen\\Application), Array, Object(Closure))
#21 E:\\bahan tugas\\semester 5\\Interoperability\\Bukalapak\\vendor\\illuminate\\container\\Container.php(653): Illuminate\\Container\\BoundMethod::call(Object(Laravel\\Lumen\\Application), Array, Array, NULL)
#22 E:\\bahan tugas\\semester 5\\Interoperability\\Bukalapak\\vendor\\illuminate\\console\\Command.php(136): Illuminate\\Container\\Container->call(Array)
#23 E:\\bahan tugas\\semester 5\\Interoperability\\Bukalapak\\vendor\\symfony\\console\\Command\\Command.php(298): Illuminate\\Console\\Command->execute(Object(Symfony\\Component\\Console\\Input\\ArgvInput), Object(Illuminate\\Console\\OutputStyle))
#24 E:\\bahan tugas\\semester 5\\Interoperability\\Bukalapak\\vendor\\illuminate\\console\\Command.php(121): Symfony\\Component\\Console\\Command\\Command->run(Object(Symfony\\Component\\Console\\Input\\ArgvInput), Object(Illuminate\\Console\\OutputStyle))
#25 E:\\bahan tugas\\semester 5\\Interoperability\\Bukalapak\\vendor\\symfony\\console\\Application.php(1015): Illuminate\\Console\\Command->run(Object(Symfony\\Component\\Console\\Input\\ArgvInput), Object(Symfony\\Component\\Console\\Output\\ConsoleOutput))
#26 E:\\bahan tugas\\semester 5\\Interoperability\\Bukalapak\\vendor\\symfony\\console\\Application.php(299): Symfony\\Component\\Console\\Application->doRunCommand(Object(Illuminate\\Database\\Console\\Migrations\\MigrateCommand), Object(Symfony\\Component\\Console\\Input\\ArgvInput), Object(Symfony\\Component\\Console\\Output\\ConsoleOutput))
#27 E:\\bahan tugas\\semester 5\\Interoperability\\Bukalapak\\vendor\\symfony\\console\\Application.php(171): Symfony\\Component\\Console\\Application->doRun(Object(Symfony\\Component\\Console\\Input\\ArgvInput), Object(Symfony\\Component\\Console\\Output\\ConsoleOutput))
#28 E:\\bahan tugas\\semester 5\\Interoperability\\Bukalapak\\vendor\\illuminate\\console\\Application.php(94): Symfony\\Component\\Console\\Application->run(Object(Symfony\\Component\\Console\\Input\\ArgvInput), Object(Symfony\\Component\\Console\\Output\\ConsoleOutput))
#29 E:\\bahan tugas\\semester 5\\Interoperability\\Bukalapak\\vendor\\laravel\\lumen-framework\\src\\Console\\Kernel.php(116): Illuminate\\Console\\Application->run(Object(Symfony\\Component\\Console\\Input\\ArgvInput), Object(Symfony\\Component\\Console\\Output\\ConsoleOutput))
#30 E:\\bahan tugas\\semester 5\\Interoperability\\Bukalapak\\artisan(35): Laravel\\Lumen\\Console\\Kernel->handle(Object(Symfony\\Component\\Console\\Input\\ArgvInput), Object(Symfony\\Component\\Console\\Output\\ConsoleOutput))
#31 {main}
"} 
